# JRE version: Java(TM) SE Runtime Environment (8.0_151-b12) (build 1.8.0_151-b12)
# Java VM: Java HotSpot(TM) 64-Bit Server VM (25.151-b12 mixed mode windows-amd64 compressed oops)
Heap:
 PSYoungGen      total 18432K, used 997K [0x00000000f5600000, 0x00000000f6900000, 0x0000000100000000)
  eden space 17408K, 0% used [0x00000000f5600000,0x00000000f5600000,0x00000000f6700000)
  from space 1024K, 97% used [0x00000000f6800000,0x00000000f68f9730,0x00000000f6900000)
  to   space 1024K, 0% used [0x00000000f6700000,0x00000000f6700000,0x00000000f6800000)
 ParOldGen       total 25088K, used 10773K [0x00000000e0200000, 0x00000000e1a80000, 0x00000000f5600000)
  object space 25088K, 42% used [0x00000000e0200000,0x00000000e0c85770,0x00000000e1a80000)
 Metaspace       used 23070K, capacity 23264K, committed 23472K, reserved 1073152K
  class space    used 3058K, capacity 3165K, committed 3248K, reserved 1048576K
GC Heap History (10 events):
Event: 1.319 GC heap after
Heap after GC invocations=5 (full 0):
 PSYoungGen      total 18432K, used 995K [0x00000000f5600000, 0x00000000f6900000, 0x0000000100000000)
  eden space 17408K, 0% used [0x00000000f5600000,0x00000000f5600000,0x00000000f6700000)
  from space 1024K, 97% used [0x00000000f6700000,0x00000000f67f8ca8,0x00000000f6800000)
  to   space 1024K, 0% used [0x00000000f6800000,0x00000000f6800000,0x00000000f6900000)
 ParOldGen       total 22016K, used 4598K [0x00000000e0200000, 0x00000000e1780000, 0x00000000f5600000)
  object space 22016K, 20% used [0x00000000e0200000,0x00000000e067dad8,0x00000000e1780000)
 Metaspace       used 14275K, capacity 14438K, committed 14592K, reserved 1062912K
  class space    used 1946K, capacity 2036K, committed 2048K, reserved 1048576K
}
Event: 2.201 GC heap before
{Heap before GC invocations=6 (full 0):
 PSYoungGen      total 18432K, used 18403K [0x00000000f5600000, 0x00000000f6900000, 0x0000000100000000)
  eden space 17408K, 100% used [0x00000000f5600000,0x00000000f6700000,0x00000000f6700000)
  from space 1024K, 97% used [0x00000000f6700000,0x00000000f67f8ca8,0x00000000f6800000)
  to   space 1024K, 0% used [0x00000000f6800000,0x00000000f6800000,0x00000000f6900000)
 ParOldGen       total 22016K, used 4598K [0x00000000e0200000, 0x00000000e1780000, 0x00000000f5600000)
  object space 22016K, 20% used [0x00000000e0200000,0x00000000e067dad8,0x00000000e1780000)
 Metaspace       used 19399K, capacity 19596K, committed 19840K, reserved 1067008K
  class space    used 2559K, capacity 2645K, committed 2688K, reserved 1048576K
Event: 2.211 GC heap after
Heap after GC invocations=6 (full 0):
 PSYoungGen      total 18432K, used 996K [0x00000000f5600000, 0x00000000f6900000, 0x0000000100000000)
  eden space 17408K, 0% used [0x00000000f5600000,0x00000000f5600000,0x00000000f6700000)
  from space 1024K, 97% used [0x00000000f6800000,0x00000000f68f9098,0x00000000f6900000)
  to   space 1024K, 0% used [0x00000000f6700000,0x00000000f6700000,0x00000000f6800000)
 ParOldGen       total 22016K, used 8371K [0x00000000e0200000, 0x00000000e1780000, 0x00000000f5600000)
  object space 22016K, 38% used [0x00000000e0200000,0x00000000e0a2cf40,0x00000000e1780000)
 Metaspace       used 19399K, capacity 19596K, committed 19840K, reserved 1067008K
  class space    used 2559K, capacity 2645K, committed 2688K, reserved 1048576K
}
Event: 2.393 GC heap before
{Heap before GC invocations=7 (full 0):
 PSYoungGen      total 18432K, used 9208K [0x00000000f5600000, 0x00000000f6900000, 0x0000000100000000)
  eden space 17408K, 47% used [0x00000000f5600000,0x00000000f5e050c0,0x00000000f6700000)
  from space 1024K, 97% used [0x00000000f6800000,0x00000000f68f9098,0x00000000f6900000)
  to   space 1024K, 0% used [0x00000000f6700000,0x00000000f6700000,0x00000000f6800000)
 ParOldGen       total 22016K, used 8371K [0x00000000e0200000, 0x00000000e1780000, 0x00000000f5600000)
  object space 22016K, 38% used [0x00000000e0200000,0x00000000e0a2cf40,0x00000000e1780000)
 Metaspace       used 21018K, capacity 21198K, committed 21296K, reserved 1067008K
  class space    used 2756K, capacity 2838K, committed 2864K, reserved 1048576K
Event: 2.400 GC heap after
Heap after GC invocations=7 (full 0):
 PSYoungGen      total 18432K, used 1013K [0x00000000f5600000, 0x00000000f6900000, 0x0000000100000000)
  eden space 17408K, 0% used [0x00000000f5600000,0x00000000f5600000,0x00000000f6700000)
  from space 1024K, 98% used [0x00000000f6700000,0x00000000f67fd658,0x00000000f6800000)
  to   space 1024K, 0% used [0x00000000f6800000,0x00000000f6800000,0x00000000f6900000)
 ParOldGen       total 22016K, used 9882K [0x00000000e0200000, 0x00000000e1780000, 0x00000000f5600000)
  object space 22016K, 44% used [0x00000000e0200000,0x00000000e0ba6be0,0x00000000e1780000)
 Metaspace       used 21018K, capacity 21198K, committed 21296K, reserved 1067008K
  class space    used 2756K, capacity 2838K, committed 2864K, reserved 1048576K
}
Event: 2.400 GC heap before
{Heap before GC invocations=8 (full 1):
 PSYoungGen      total 18432K, used 1013K [0x00000000f5600000, 0x00000000f6900000, 0x0000000100000000)
  eden space 17408K, 0% used [0x00000000f5600000,0x00000000f5600000,0x00000000f6700000)
  from space 1024K, 98% used [0x00000000f6700000,0x00000000f67fd658,0x00000000f6800000)
  to   space 1024K, 0% used [0x00000000f6800000,0x00000000f6800000,0x00000000f6900000)
 ParOldGen       total 22016K, used 9882K [0x00000000e0200000, 0x00000000e1780000, 0x00000000f5600000)
  object space 22016K, 44% used [0x00000000e0200000,0x00000000e0ba6be0,0x00000000e1780000)
 Metaspace       used 21018K, capacity 21198K, committed 21296K, reserved 1067008K
  class space    used 2756K, capacity 2838K, committed 2864K, reserved 1048576K
Event: 2.471 GC heap after
Heap after GC invocations=8 (full 1):
 PSYoungGen      total 18432K, used 0K [0x00000000f5600000, 0x00000000f6900000, 0x0000000100000000)
  eden space 17408K, 0% used [0x00000000f5600000,0x00000000f5600000,0x00000000f6700000)
  from space 1024K, 0% used [0x00000000f6700000,0x00000000f6700000,0x00000000f6800000)
  to   space 1024K, 0% used [0x00000000f6800000,0x00000000f6800000,0x00000000f6900000)
 ParOldGen       total 25088K, used 9870K [0x00000000e0200000, 0x00000000e1a80000, 0x00000000f5600000)
  object space 25088K, 39% used [0x00000000e0200000,0x00000000e0ba3978,0x00000000e1a80000)
 Metaspace       used 21018K, capacity 21198K, committed 21296K, reserved 1067008K
  class space    used 2756K, capacity 2838K, committed 2864K, reserved 1048576K
}
Event: 2.744 GC heap before
{Heap before GC invocations=9 (full 1):
 PSYoungGen      total 18432K, used 10916K [0x00000000f5600000, 0x00000000f6900000, 0x0000000100000000)
  eden space 17408K, 62% used [0x00000000f5600000,0x00000000f60a93f0,0x00000000f6700000)
  from space 1024K, 0% used [0x00000000f6700000,0x00000000f6700000,0x00000000f6800000)
  to   space 1024K, 0% used [0x00000000f6800000,0x00000000f6800000,0x00000000f6900000)
 ParOldGen       total 25088K, used 9870K [0x00000000e0200000, 0x00000000e1a80000, 0x00000000f5600000)
  object space 25088K, 39% used [0x00000000e0200000,0x00000000e0ba3978,0x00000000e1a80000)
 Metaspace       used 23070K, capacity 23264K, committed 23472K, reserved 1073152K
  class space    used 3058K, capacity 3165K, committed 3248K, reserved 1048576K
Event: 2.749 GC heap after
Heap after GC invocations=9 (full 1):
 PSYoungGen      total 18432K, used 997K [0x00000000f5600000, 0x00000000f6900000, 0x0000000100000000)
  eden space 17408K, 0% used [0x00000000f5600000,0x00000000f5600000,0x00000000f6700000)
  from space 1024K, 97% used [0x00000000f6800000,0x00000000f68f9730,0x00000000f6900000)
  to   space 1024K, 0% used [0x00000000f6700000,0x00000000f6700000,0x00000000f6800000)
 ParOldGen       total 25088K, used 10773K [0x00000000e0200000, 0x00000000e1a80000, 0x00000000f5600000)
  object space 25088K, 42% used [0x00000000e0200000,0x00000000e0c85770,0x00000000e1a80000)
 Metaspace       used 23070K, capacity 23264K, committed 23472K, reserved 1073152K
  class space    used 3058K, capacity 3165K, committed 3248K, reserved 1048576K
}
Event: 2.750 GC heap before
{Heap before GC invocations=10 (full 2):
 PSYoungGen      total 18432K, used 997K [0x00000000f5600000, 0x00000000f6900000, 0x0000000100000000)
  eden space 17408K, 0% used [0x00000000f5600000,0x00000000f5600000,0x00000000f6700000)
  from space 1024K, 97% used [0x00000000f6800000,0x00000000f68f9730,0x00000000f6900000)
  to   space 1024K, 0% used [0x00000000f6700000,0x00000000f6700000,0x00000000f6800000)
 ParOldGen       total 25088K, used 10773K [0x00000000e0200000, 0x00000000e1a80000, 0x00000000f5600000)
  object space 25088K, 42% used [0x00000000e0200000,0x00000000e0c85770,0x00000000e1a80000)
 Metaspace       used 23070K, capacity 23264K, committed 23472K, reserved 1073152K
  class space    used 3058K, capacity 3165K, committed 3248K, reserved 1048576K

