# JRE version: Java(TM) SE Runtime Environment (8.0_151-b12) (build 1.8.0_151-b12)
# Java VM: Java HotSpot(TM) 64-Bit Server VM (25.151-b12 mixed mode windows-amd64 compressed oops)
Heap:
 PSYoungGen      total 18432K, used 5473K [0x00000000f5600000, 0x00000000f6900000, 0x0000000100000000)
  eden space 17408K, 31% used [0x00000000f5600000,0x00000000f5b585e8,0x00000000f6700000)
  from space 1024K, 0% used [0x00000000f6700000,0x00000000f6700000,0x00000000f6800000)
  to   space 1024K, 0% used [0x00000000f6800000,0x00000000f6800000,0x00000000f6900000)
 ParOldGen       total 22016K, used 9934K [0x00000000e0200000, 0x00000000e1780000, 0x00000000f5600000)
  object space 22016K, 45% used [0x00000000e0200000,0x00000000e0bb3b28,0x00000000e1780000)
 Metaspace       used 22168K, capacity 22434K, committed 22576K, reserved 1069056K
  class space    used 2933K, capacity 3034K, committed 3120K, reserved 1048576K
GC Heap History (10 events):
Event: 0.456 GC heap before
{Heap before GC invocations=4 (full 0):
 PSYoungGen      total 9728K, used 9220K [0x00000000f5600000, 0x00000000f6900000, 0x0000000100000000)
  eden space 8704K, 100% used [0x00000000f5600000,0x00000000f5e80000,0x00000000f5e80000)
  from space 1024K, 50% used [0x00000000f5e80000,0x00000000f5f01178,0x00000000f5f80000)
  to   space 1024K, 0% used [0x00000000f6800000,0x00000000f6800000,0x00000000f6900000)
 ParOldGen       total 22016K, used 8K [0x00000000e0200000, 0x00000000e1780000, 0x00000000f5600000)
  object space 22016K, 0% used [0x00000000e0200000,0x00000000e0202000,0x00000000e1780000)
 Metaspace       used 5441K, capacity 5862K, committed 6144K, reserved 1056768K
  class space    used 659K, capacity 726K, committed 768K, reserved 1048576K
Event: 0.469 GC heap after
Heap after GC invocations=4 (full 0):
 PSYoungGen      total 18432K, used 996K [0x00000000f5600000, 0x00000000f6900000, 0x0000000100000000)
  eden space 17408K, 0% used [0x00000000f5600000,0x00000000f5600000,0x00000000f6700000)
  from space 1024K, 97% used [0x00000000f6800000,0x00000000f68f9098,0x00000000f6900000)
  to   space 1024K, 0% used [0x00000000f6700000,0x00000000f6700000,0x00000000f6800000)
 ParOldGen       total 22016K, used 719K [0x00000000e0200000, 0x00000000e1780000, 0x00000000f5600000)
  object space 22016K, 3% used [0x00000000e0200000,0x00000000e02b3d58,0x00000000e1780000)
 Metaspace       used 5441K, capacity 5862K, committed 6144K, reserved 1056768K
  class space    used 659K, capacity 726K, committed 768K, reserved 1048576K
}
Event: 1.252 GC heap before
{Heap before GC invocations=5 (full 0):
 PSYoungGen      total 18432K, used 18404K [0x00000000f5600000, 0x00000000f6900000, 0x0000000100000000)
  eden space 17408K, 100% used [0x00000000f5600000,0x00000000f6700000,0x00000000f6700000)
  from space 1024K, 97% used [0x00000000f6800000,0x00000000f68f9098,0x00000000f6900000)
  to   space 1024K, 0% used [0x00000000f6700000,0x00000000f6700000,0x00000000f6800000)
 ParOldGen       total 22016K, used 719K [0x00000000e0200000, 0x00000000e1780000, 0x00000000f5600000)
  object space 22016K, 3% used [0x00000000e0200000,0x00000000e02b3d58,0x00000000e1780000)
 Metaspace       used 14259K, capacity 14438K, committed 14592K, reserved 1062912K
  class space    used 1946K, capacity 2036K, committed 2048K, reserved 1048576K
Event: 1.263 GC heap after
Heap after GC invocations=5 (full 0):
 PSYoungGen      total 18432K, used 1011K [0x00000000f5600000, 0x00000000f6900000, 0x0000000100000000)
  eden space 17408K, 0% used [0x00000000f5600000,0x00000000f5600000,0x00000000f6700000)
  from space 1024K, 98% used [0x00000000f6700000,0x00000000f67fccb8,0x00000000f6800000)
  to   space 1024K, 0% used [0x00000000f6800000,0x00000000f6800000,0x00000000f6900000)
 ParOldGen       total 22016K, used 4593K [0x00000000e0200000, 0x00000000e1780000, 0x00000000f5600000)
  object space 22016K, 20% used [0x00000000e0200000,0x00000000e067c768,0x00000000e1780000)
 Metaspace       used 14259K, capacity 14438K, committed 14592K, reserved 1062912K
  class space    used 1946K, capacity 2036K, committed 2048K, reserved 1048576K
}
Event: 2.012 GC heap before
{Heap before GC invocations=6 (full 0):
 PSYoungGen      total 18432K, used 18419K [0x00000000f5600000, 0x00000000f6900000, 0x0000000100000000)
  eden space 17408K, 100% used [0x00000000f5600000,0x00000000f6700000,0x00000000f6700000)
  from space 1024K, 98% used [0x00000000f6700000,0x00000000f67fccb8,0x00000000f6800000)
  to   space 1024K, 0% used [0x00000000f6800000,0x00000000f6800000,0x00000000f6900000)
 ParOldGen       total 22016K, used 4593K [0x00000000e0200000, 0x00000000e1780000, 0x00000000f5600000)
  object space 22016K, 20% used [0x00000000e0200000,0x00000000e067c768,0x00000000e1780000)
 Metaspace       used 19372K, capacity 19532K, committed 19840K, reserved 1067008K
  class space    used 2560K, capacity 2645K, committed 2688K, reserved 1048576K
Event: 2.022 GC heap after
Heap after GC invocations=6 (full 0):
 PSYoungGen      total 18432K, used 1012K [0x00000000f5600000, 0x00000000f6900000, 0x0000000100000000)
  eden space 17408K, 0% used [0x00000000f5600000,0x00000000f5600000,0x00000000f6700000)
  from space 1024K, 98% used [0x00000000f6800000,0x00000000f68fd098,0x00000000f6900000)
  to   space 1024K, 0% used [0x00000000f6700000,0x00000000f6700000,0x00000000f6800000)
 ParOldGen       total 22016K, used 8366K [0x00000000e0200000, 0x00000000e1780000, 0x00000000f5600000)
  object space 22016K, 38% used [0x00000000e0200000,0x00000000e0a2b9b0,0x00000000e1780000)
 Metaspace       used 19372K, capacity 19532K, committed 19840K, reserved 1067008K
  class space    used 2560K, capacity 2645K, committed 2688K, reserved 1048576K
}
Event: 2.200 GC heap before
{Heap before GC invocations=7 (full 0):
 PSYoungGen      total 18432K, used 9214K [0x00000000f5600000, 0x00000000f6900000, 0x0000000100000000)
  eden space 17408K, 47% used [0x00000000f5600000,0x00000000f5e02850,0x00000000f6700000)
  from space 1024K, 98% used [0x00000000f6800000,0x00000000f68fd098,0x00000000f6900000)
  to   space 1024K, 0% used [0x00000000f6700000,0x00000000f6700000,0x00000000f6800000)
 ParOldGen       total 22016K, used 8366K [0x00000000e0200000, 0x00000000e1780000, 0x00000000f5600000)
  object space 22016K, 38% used [0x00000000e0200000,0x00000000e0a2b9b0,0x00000000e1780000)
 Metaspace       used 21060K, capacity 21218K, committed 21296K, reserved 1067008K
  class space    used 2771K, capacity 2842K, committed 2864K, reserved 1048576K
Event: 2.225 GC heap after
Heap after GC invocations=7 (full 0):
 PSYoungGen      total 18432K, used 997K [0x00000000f5600000, 0x00000000f6900000, 0x0000000100000000)
  eden space 17408K, 0% used [0x00000000f5600000,0x00000000f5600000,0x00000000f6700000)
  from space 1024K, 97% used [0x00000000f6700000,0x00000000f67f9668,0x00000000f6800000)
  to   space 1024K, 0% used [0x00000000f6800000,0x00000000f6800000,0x00000000f6900000)
 ParOldGen       total 22016K, used 9988K [0x00000000e0200000, 0x00000000e1780000, 0x00000000f5600000)
  object space 22016K, 45% used [0x00000000e0200000,0x00000000e0bc13a8,0x00000000e1780000)
 Metaspace       used 21060K, capacity 21218K, committed 21296K, reserved 1067008K
  class space    used 2771K, capacity 2842K, committed 2864K, reserved 1048576K
}
Event: 2.226 GC heap before
{Heap before GC invocations=8 (full 1):
 PSYoungGen      total 18432K, used 997K [0x00000000f5600000, 0x00000000f6900000, 0x0000000100000000)
  eden space 17408K, 0% used [0x00000000f5600000,0x00000000f5600000,0x00000000f6700000)
  from space 1024K, 97% used [0x00000000f6700000,0x00000000f67f9668,0x00000000f6800000)
  to   space 1024K, 0% used [0x00000000f6800000,0x00000000f6800000,0x00000000f6900000)
 ParOldGen       total 22016K, used 9988K [0x00000000e0200000, 0x00000000e1780000, 0x00000000f5600000)
  object space 22016K, 45% used [0x00000000e0200000,0x00000000e0bc13a8,0x00000000e1780000)
 Metaspace       used 21060K, capacity 21218K, committed 21296K, reserved 1067008K
  class space    used 2771K, capacity 2842K, committed 2864K, reserved 1048576K
Event: 2.304 GC heap after
Heap after GC invocations=8 (full 1):
 PSYoungGen      total 18432K, used 0K [0x00000000f5600000, 0x00000000f6900000, 0x0000000100000000)
  eden space 17408K, 0% used [0x00000000f5600000,0x00000000f5600000,0x00000000f6700000)
  from space 1024K, 0% used [0x00000000f6700000,0x00000000f6700000,0x00000000f6800000)
  to   space 1024K, 0% used [0x00000000f6800000,0x00000000f6800000,0x00000000f6900000)
 ParOldGen       total 22016K, used 9934K [0x00000000e0200000, 0x00000000e1780000, 0x00000000f5600000)
  object space 22016K, 45% used [0x00000000e0200000,0x00000000e0bb3b28,0x00000000e1780000)
 Metaspace       used 21060K, capacity 21218K, committed 21296K, reserved 1067008K
  class space    used 2771K, capacity 2842K, committed 2864K, reserved 1048576K
}

